Producer adding file to ListOfFiles /home/akshayk/Desktop/TestFolder/Effective_Java_2nd_Edition.txt
Producer adding file to ListOfFiles /home/akshayk/Desktop/TestFolder/download.jpeg
Producer adding file to ListOfFiles /home/akshayk/Desktop/TestFolder/a.txt
Producer adding file to ListOfFiles /home/akshayk/Desktop/TestFolder/emptyFile.txt
producer Thread started
consumer Thread :ConsumerThread- 0 has started
Consumer Thread ConsumerThread- 0 has taken file /home/akshayk/Desktop/TestFolder/Effective_Java_2nd_Edition.txt to process...
Consumer Thread ConsumerThread- 0 has taken file /home/akshayk/Desktop/TestFolder/download.jpeg to process...
Consumer Thread ConsumerThread- 0 has taken file /home/akshayk/Desktop/TestFolder/a.txt to process...
Consumer Thread ConsumerThread- 0 has taken file /home/akshayk/Desktop/TestFolder/emptyFile.txt to process...
Consumer Thread ConsumerThread- 0 has returned and list is empty
producer Thread started
consumer Thread :ConsumerThread- 0 has started
Producer adding file to ListOfFiles /home/akshayk/Desktop/TestFolder/Effective_Java_2nd_Edition.txt
Producer adding file to ListOfFiles /home/akshayk/Desktop/TestFolder/download.jpeg
Producer adding file to ListOfFiles /home/akshayk/Desktop/TestFolder/a.txt
Producer adding file to ListOfFiles /home/akshayk/Desktop/TestFolder/emptyFile.txt
consumer Thread :ConsumerThread- 1 has started
Consumer Thread ConsumerThread- 0 has taken file /home/akshayk/Desktop/TestFolder/Effective_Java_2nd_Edition.txt to process...
Consumer Thread ConsumerThread- 1 has taken file /home/akshayk/Desktop/TestFolder/download.jpeg to process...
Consumer Thread ConsumerThread- 1 has taken file /home/akshayk/Desktop/TestFolder/a.txt to process...
Consumer Thread ConsumerThread- 1 has taken file /home/akshayk/Desktop/TestFolder/emptyFile.txt to process...
Consumer Thread ConsumerThread- 1 has returned and list is empty
Consumer Thread ConsumerThread- 0 has returned and list is empty
producer Thread started
consumer Thread :ConsumerThread- 0 has started
consumer Thread :ConsumerThread- 1 has started
consumer Thread :ConsumerThread- 2 has started
Producer adding file to ListOfFiles /home/akshayk/Desktop/TestFolder/Effective_Java_2nd_Edition.txt
Producer adding file to ListOfFiles /home/akshayk/Desktop/TestFolder/download.jpeg
consumer Thread :ConsumerThread- 3 has started
Producer adding file to ListOfFiles /home/akshayk/Desktop/TestFolder/a.txt
Producer adding file to ListOfFiles /home/akshayk/Desktop/TestFolder/emptyFile.txt
Consumer Thread ConsumerThread- 0 has taken file /home/akshayk/Desktop/TestFolder/Effective_Java_2nd_Edition.txt to process...
Consumer Thread ConsumerThread- 1 has taken file /home/akshayk/Desktop/TestFolder/download.jpeg to process...
Consumer Thread ConsumerThread- 1 has taken file /home/akshayk/Desktop/TestFolder/a.txt to process...
Consumer Thread ConsumerThread- 1 has taken file /home/akshayk/Desktop/TestFolder/emptyFile.txt to process...
Consumer Thread ConsumerThread- 1 has returned and list is empty
Consumer Thread ConsumerThread- 2 has returned and list is empty
Consumer Thread ConsumerThread- 3 has returned and list is empty
Consumer Thread ConsumerThread- 0 has returned and list is empty
producer Thread started
consumer Thread :ConsumerThread- 0 has started
consumer Thread :ConsumerThread- 1 has started
Producer adding file to ListOfFiles /home/akshayk/Desktop/TestFolder/Effective_Java_2nd_Edition.txt
consumer Thread :ConsumerThread- 2 has started
consumer Thread :ConsumerThread- 3 has started
consumer Thread :ConsumerThread- 4 has started
Consumer Thread ConsumerThread- 0 has taken file /home/akshayk/Desktop/TestFolder/Effective_Java_2nd_Edition.txt to process...
consumer Thread :ConsumerThread- 5 has started
Producer adding file to ListOfFiles /home/akshayk/Desktop/TestFolder/download.jpeg
Consumer Thread ConsumerThread- 3 has taken file /home/akshayk/Desktop/TestFolder/download.jpeg to process...
Producer adding file to ListOfFiles /home/akshayk/Desktop/TestFolder/a.txt
Consumer Thread ConsumerThread- 2 has taken file /home/akshayk/Desktop/TestFolder/a.txt to process...
Producer adding file to ListOfFiles /home/akshayk/Desktop/TestFolder/emptyFile.txt
Consumer Thread ConsumerThread- 1 has taken file /home/akshayk/Desktop/TestFolder/emptyFile.txt to process...
Consumer Thread ConsumerThread- 4 has returned and list is empty
Consumer Thread ConsumerThread- 1 has returned and list is empty
Consumer Thread ConsumerThread- 2 has returned and list is empty
Consumer Thread ConsumerThread- 5 has returned and list is empty
Consumer Thread ConsumerThread- 3 has returned and list is empty
Consumer Thread ConsumerThread- 0 has returned and list is empty
producer Thread started
consumer Thread :ConsumerThread- 0 has started
Producer adding file to ListOfFiles /home/akshayk/Desktop/TestFolder/Effective_Java_2nd_Edition.txt
Producer adding file to ListOfFiles /home/akshayk/Desktop/TestFolder/download.jpeg
Producer adding file to ListOfFiles /home/akshayk/Desktop/TestFolder/a.txt
Producer adding file to ListOfFiles /home/akshayk/Desktop/TestFolder/emptyFile.txt
consumer Thread :ConsumerThread- 1 has started
consumer Thread :ConsumerThread- 2 has started
Consumer Thread ConsumerThread- 0 has taken file /home/akshayk/Desktop/TestFolder/Effective_Java_2nd_Edition.txt to process...
Consumer Thread ConsumerThread- 1 has taken file /home/akshayk/Desktop/TestFolder/download.jpeg to process...
Consumer Thread ConsumerThread- 1 has taken file /home/akshayk/Desktop/TestFolder/a.txt to process...
Consumer Thread ConsumerThread- 1 has taken file /home/akshayk/Desktop/TestFolder/emptyFile.txt to process...
Consumer Thread ConsumerThread- 1 has returned and list is empty
consumer Thread :ConsumerThread- 3 has started
Consumer Thread ConsumerThread- 2 has returned and list is empty
consumer Thread :ConsumerThread- 4 has started
consumer Thread :ConsumerThread- 5 has started
Consumer Thread ConsumerThread- 4 has returned and list is empty
Consumer Thread ConsumerThread- 3 has returned and list is empty
consumer Thread :ConsumerThread- 6 has started
Consumer Thread ConsumerThread- 5 has returned and list is empty
consumer Thread :ConsumerThread- 7 has started
Consumer Thread ConsumerThread- 6 has returned and list is empty
Consumer Thread ConsumerThread- 7 has returned and list is empty
Consumer Thread ConsumerThread- 0 has returned and list is empty
producer Thread started
consumer Thread :ConsumerThread- 0 has started
Producer adding file to ListOfFiles /home/akshayk/Desktop/TestFolder/Effective_Java_2nd_Edition.txt
Producer adding file to ListOfFiles /home/akshayk/Desktop/TestFolder/download.jpeg
Producer adding file to ListOfFiles /home/akshayk/Desktop/TestFolder/a.txt
Producer adding file to ListOfFiles /home/akshayk/Desktop/TestFolder/emptyFile.txt
consumer Thread :ConsumerThread- 1 has started
Consumer Thread ConsumerThread- 0 has taken file /home/akshayk/Desktop/TestFolder/Effective_Java_2nd_Edition.txt to process...
consumer Thread :ConsumerThread- 2 has started
Consumer Thread ConsumerThread- 1 has taken file /home/akshayk/Desktop/TestFolder/download.jpeg to process...
Consumer Thread ConsumerThread- 1 has taken file /home/akshayk/Desktop/TestFolder/a.txt to process...
Consumer Thread ConsumerThread- 1 has taken file /home/akshayk/Desktop/TestFolder/emptyFile.txt to process...
Consumer Thread ConsumerThread- 1 has returned and list is empty
consumer Thread :ConsumerThread- 3 has started
Consumer Thread ConsumerThread- 2 has returned and list is empty
consumer Thread :ConsumerThread- 4 has started
Consumer Thread ConsumerThread- 3 has returned and list is empty
consumer Thread :ConsumerThread- 5 has started
Consumer Thread ConsumerThread- 4 has returned and list is empty
consumer Thread :ConsumerThread- 6 has started
Consumer Thread ConsumerThread- 5 has returned and list is empty
consumer Thread :ConsumerThread- 7 has started
Consumer Thread ConsumerThread- 6 has returned and list is empty
Consumer Thread ConsumerThread- 0 has returned and list is empty
consumer Thread :ConsumerThread- 8 has started
Consumer Thread ConsumerThread- 7 has returned and list is empty
consumer Thread :ConsumerThread- 9 has started
Consumer Thread ConsumerThread- 8 has returned and list is empty
Consumer Thread ConsumerThread- 9 has returned and list is empty
producer Thread started
consumer Thread :ConsumerThread- 0 has started
Producer adding file to ListOfFiles /home/akshayk/Desktop/TestFolder/Effective_Java_2nd_Edition.txt
Producer adding file to ListOfFiles /home/akshayk/Desktop/TestFolder/download.jpeg
Producer adding file to ListOfFiles /home/akshayk/Desktop/TestFolder/a.txt
Producer adding file to ListOfFiles /home/akshayk/Desktop/TestFolder/emptyFile.txt
consumer Thread :ConsumerThread- 1 has started
Consumer Thread ConsumerThread- 0 has taken file /home/akshayk/Desktop/TestFolder/Effective_Java_2nd_Edition.txt to process...
consumer Thread :ConsumerThread- 2 has started
Consumer Thread ConsumerThread- 1 has taken file /home/akshayk/Desktop/TestFolder/download.jpeg to process...
Consumer Thread ConsumerThread- 1 has taken file /home/akshayk/Desktop/TestFolder/a.txt to process...
Consumer Thread ConsumerThread- 1 has taken file /home/akshayk/Desktop/TestFolder/emptyFile.txt to process...
Consumer Thread ConsumerThread- 1 has returned and list is empty
consumer Thread :ConsumerThread- 3 has started
Consumer Thread ConsumerThread- 2 has returned and list is empty
consumer Thread :ConsumerThread- 4 has started
Consumer Thread ConsumerThread- 3 has returned and list is empty
consumer Thread :ConsumerThread- 5 has started
Consumer Thread ConsumerThread- 4 has returned and list is empty
consumer Thread :ConsumerThread- 6 has started
Consumer Thread ConsumerThread- 5 has returned and list is empty
consumer Thread :ConsumerThread- 7 has started
consumer Thread :ConsumerThread- 8 has started
consumer Thread :ConsumerThread- 9 has started
Consumer Thread ConsumerThread- 6 has returned and list is empty
Consumer Thread ConsumerThread- 7 has returned and list is empty
Consumer Thread ConsumerThread- 8 has returned and list is empty
Consumer Thread ConsumerThread- 0 has returned and list is empty
consumer Thread :ConsumerThread- 10 has started
Consumer Thread ConsumerThread- 9 has returned and list is empty
consumer Thread :ConsumerThread- 11 has started
Consumer Thread ConsumerThread- 11 has returned and list is empty
Consumer Thread ConsumerThread- 10 has returned and list is empty
producer Thread started
consumer Thread :ConsumerThread- 0 has started
Producer adding file to ListOfFiles /home/akshayk/Desktop/TestFolder/Effective_Java_2nd_Edition.txt
Producer adding file to ListOfFiles /home/akshayk/Desktop/TestFolder/download.jpeg
Producer adding file to ListOfFiles /home/akshayk/Desktop/TestFolder/a.txt
Producer adding file to ListOfFiles /home/akshayk/Desktop/TestFolder/emptyFile.txt
consumer Thread :ConsumerThread- 1 has started
Consumer Thread ConsumerThread- 0 has taken file /home/akshayk/Desktop/TestFolder/Effective_Java_2nd_Edition.txt to process...
consumer Thread :ConsumerThread- 2 has started
Consumer Thread ConsumerThread- 1 has taken file /home/akshayk/Desktop/TestFolder/download.jpeg to process...
Consumer Thread ConsumerThread- 1 has taken file /home/akshayk/Desktop/TestFolder/a.txt to process...
Consumer Thread ConsumerThread- 1 has taken file /home/akshayk/Desktop/TestFolder/emptyFile.txt to process...
Consumer Thread ConsumerThread- 1 has returned and list is empty
consumer Thread :ConsumerThread- 3 has started
Consumer Thread ConsumerThread- 2 has returned and list is empty
consumer Thread :ConsumerThread- 4 has started
Consumer Thread ConsumerThread- 3 has returned and list is empty
consumer Thread :ConsumerThread- 5 has started
Consumer Thread ConsumerThread- 4 has returned and list is empty
consumer Thread :ConsumerThread- 6 has started
Consumer Thread ConsumerThread- 5 has returned and list is empty
consumer Thread :ConsumerThread- 7 has started
Consumer Thread ConsumerThread- 6 has returned and list is empty
consumer Thread :ConsumerThread- 8 has started
consumer Thread :ConsumerThread- 9 has started
consumer Thread :ConsumerThread- 10 has started
consumer Thread :ConsumerThread- 11 has started
consumer Thread :ConsumerThread- 12 has started
consumer Thread :ConsumerThread- 13 has started
Consumer Thread ConsumerThread- 9 has returned and list is empty
Consumer Thread ConsumerThread- 8 has returned and list is empty
Consumer Thread ConsumerThread- 7 has returned and list is empty
Consumer Thread ConsumerThread- 11 has returned and list is empty
Consumer Thread ConsumerThread- 10 has returned and list is empty
Consumer Thread ConsumerThread- 12 has returned and list is empty
Consumer Thread ConsumerThread- 0 has returned and list is empty
Consumer Thread ConsumerThread- 13 has returned and list is empty
